
Connected to: Oracle Database 11g Express Edition Release 11.2.0.2.0 - 64bit Production
Export done in WE8MSWIN1252 character set and AL16UTF16 NCHAR character set
server uses AL32UTF8 character set (possible charset conversion)

About to export specified users ...
. exporting pre-schema procedural objects and actions
. exporting foreign function library names for user SHREE_AIRLINES 
. exporting PUBLIC type synonyms
. exporting private type synonyms
. exporting object type definitions for user SHREE_AIRLINES 
About to export SHREE_AIRLINES's objects ...
. exporting database links
. exporting sequence numbers
. exporting cluster definitions
. about to export SHREE_AIRLINES's tables via Conventional Path ...
. . exporting table                  AIRCRAFT_INFO          5 rows exported
EXP-00091: Exporting questionable statistics.
EXP-00091: Exporting questionable statistics.
. . exporting table                    FLIGHT_INFO          5 rows exported
EXP-00091: Exporting questionable statistics.
EXP-00091: Exporting questionable statistics.
. . exporting table                      PASSENGER          5 rows exported
EXP-00091: Exporting questionable statistics.
EXP-00091: Exporting questionable statistics.
EXP-00091: Exporting questionable statistics.
. . exporting table               PASSENGER_FLIGHT          5 rows exported
EXP-00091: Exporting questionable statistics.
. . exporting table                 TICKET_DETAILS          5 rows exported
EXP-00091: Exporting questionable statistics.
EXP-00091: Exporting questionable statistics.
. exporting synonyms
. exporting views
. exporting stored procedures
. exporting operators
. exporting referential integrity constraints
. exporting triggers
. exporting indextypes
. exporting bitmap, functional and extensible indexes
. exporting posttables actions
. exporting materialized views
. exporting snapshot logs
. exporting job queues
. exporting refresh groups and children
. exporting dimensions
. exporting post-schema procedural objects and actions
. exporting statistics
Export terminated successfully with warnings.
